<?xml version="1.0" encoding="UTF-8"?>
<testsuite name="ConfigurationFieldsCheckTest" tests="4" skipped="0" failures="0" errors="0" timestamp="2019-10-04T06:53:43" hostname="LAPTOP-KUDMLU21" time="0.029">
  <properties/>
  <testcase name="checkRamAllocation" classname="ConfigurationFieldsCheckTest" time="0.003"/>
  <testcase name="checkConfigFileLoad" classname="ConfigurationFieldsCheckTest" time="0.0"/>
  <testcase name="checkBadnwidthAllocation" classname="ConfigurationFieldsCheckTest" time="0.0"/>
  <testcase name="checkStorageAllocation" classname="ConfigurationFieldsCheckTest" time="0.0"/>
  <system-out><![CDATA[]]></system-out>
  <system-err><![CDATA[]]></system-err>
</testsuite>
